2020-02-02 21:15:26.593  INFO 4256 --- [restartedMain] l.m.community.CommunityApplication       : Starting CommunityApplication on DESKTOP-SFE53A5 with PID 4256 (D:\Codes\IdeaProjects\community\target\classes started by gaoch in D:\Codes\IdeaProjects\community)
2020-02-02 21:15:26.597  INFO 4256 --- [restartedMain] l.m.community.CommunityApplication       : No active profile set, falling back to default profiles: default
2020-02-02 21:15:26.676  INFO 4256 --- [restartedMain] .e.DevToolsPropertyDefaultsPostProcessor : Devtools property defaults active! Set 'spring.devtools.add-properties' to 'false' to disable
2020-02-02 21:15:26.676  INFO 4256 --- [restartedMain] .e.DevToolsPropertyDefaultsPostProcessor : For additional web related logging consider setting the 'logging.level.web' property to 'DEBUG'
2020-02-02 21:15:26.692  WARN 4256 --- [background-preinit] o.s.h.c.j.Jackson2ObjectMapperBuilder    : For Jackson Kotlin classes support please add "com.fasterxml.jackson.module:jackson-module-kotlin" to the classpath
2020-02-02 21:15:28.464  INFO 4256 --- [restartedMain] o.s.b.w.embedded.tomcat.TomcatWebServer  : Tomcat initialized with port(s): 8887 (http)
2020-02-02 21:15:28.471  INFO 4256 --- [restartedMain] o.apache.catalina.core.StandardService   : Starting service [Tomcat]
2020-02-02 21:15:28.472  INFO 4256 --- [restartedMain] org.apache.catalina.core.StandardEngine  : Starting Servlet engine: [Apache Tomcat/9.0.27]
2020-02-02 21:15:28.561  INFO 4256 --- [restartedMain] o.a.c.c.C.[Tomcat].[localhost].[/]       : Initializing Spring embedded WebApplicationContext
2020-02-02 21:15:28.561  INFO 4256 --- [restartedMain] o.s.web.context.ContextLoader            : Root WebApplicationContext: initialization completed in 1885 ms
2020-02-02 21:15:29.184  INFO 4256 --- [restartedMain] o.s.s.concurrent.ThreadPoolTaskExecutor  : Initializing ExecutorService 'applicationTaskExecutor'
2020-02-02 21:15:29.258  INFO 4256 --- [restartedMain] o.s.b.a.w.s.WelcomePageHandlerMapping    : Adding welcome page template: index
2020-02-02 21:15:29.661  INFO 4256 --- [restartedMain] o.s.b.d.a.OptionalLiveReloadServer       : LiveReload server is running on port 35729
2020-02-02 21:15:29.715  INFO 4256 --- [restartedMain] o.s.b.w.embedded.tomcat.TomcatWebServer  : Tomcat started on port(s): 8887 (http) with context path ''
2020-02-02 21:15:29.717  INFO 4256 --- [restartedMain] l.m.community.CommunityApplication       : Started CommunityApplication in 3.541 seconds (JVM running for 4.284)
2020-02-02 21:19:13.046  INFO 4256 --- [http-nio-8887-exec-1] o.a.c.c.C.[Tomcat].[localhost].[/]       : Initializing Spring DispatcherServlet 'dispatcherServlet'
2020-02-02 21:19:13.046  INFO 4256 --- [http-nio-8887-exec-1] o.s.web.servlet.DispatcherServlet        : Initializing Servlet 'dispatcherServlet'
2020-02-02 21:19:13.050  INFO 4256 --- [http-nio-8887-exec-1] o.s.web.servlet.DispatcherServlet        : Completed initialization in 4 ms
2020-02-02 21:19:13.126  INFO 4256 --- [http-nio-8887-exec-1] com.zaxxer.hikari.HikariDataSource       : HikariPool-1 - Starting...
2020-02-02 21:19:13.230  INFO 4256 --- [http-nio-8887-exec-1] com.zaxxer.hikari.HikariDataSource       : HikariPool-1 - Start completed.
2020-02-02 21:19:13.235 DEBUG 4256 --- [http-nio-8887-exec-1] l.m.c.m.QuestionExtMapper.countBySearch  : ==>  Preparing: select count(*) from question 
2020-02-02 21:19:13.251 DEBUG 4256 --- [http-nio-8887-exec-1] l.m.c.m.QuestionExtMapper.countBySearch  : ==> Parameters: 
2020-02-02 21:19:13.271 DEBUG 4256 --- [http-nio-8887-exec-1] l.m.c.m.QuestionExtMapper.countBySearch  : <==      Total: 1
2020-02-02 21:19:13.274 DEBUG 4256 --- [http-nio-8887-exec-1] l.m.c.m.Q.selectBySearch                 : ==>  Preparing: select * from question order by gmt_create desc limit ?,? 
2020-02-02 21:19:13.275 DEBUG 4256 --- [http-nio-8887-exec-1] l.m.c.m.Q.selectBySearch                 : ==> Parameters: 0(Integer), 5(Integer)
2020-02-02 21:19:13.278 DEBUG 4256 --- [http-nio-8887-exec-1] l.m.c.m.Q.selectBySearch                 : <==      Total: 5
2020-02-02 21:19:13.278 DEBUG 4256 --- [http-nio-8887-exec-1] l.m.c.m.UserMapper.selectByPrimaryKey    : ==>  Preparing: select id, account_id, name, token, gmt_create, gmt_modified, avatar_url from user where id = ? 
2020-02-02 21:19:13.278 DEBUG 4256 --- [http-nio-8887-exec-1] l.m.c.m.UserMapper.selectByPrimaryKey    : ==> Parameters: 1(Long)
2020-02-02 21:19:13.279 DEBUG 4256 --- [http-nio-8887-exec-1] l.m.c.m.UserMapper.selectByPrimaryKey    : <==      Total: 1
2020-02-02 21:19:13.284 DEBUG 4256 --- [http-nio-8887-exec-1] l.m.c.m.UserMapper.selectByPrimaryKey    : ==>  Preparing: select id, account_id, name, token, gmt_create, gmt_modified, avatar_url from user where id = ? 
2020-02-02 21:19:13.285 DEBUG 4256 --- [http-nio-8887-exec-1] l.m.c.m.UserMapper.selectByPrimaryKey    : ==> Parameters: 1(Long)
2020-02-02 21:19:13.285 DEBUG 4256 --- [http-nio-8887-exec-1] l.m.c.m.UserMapper.selectByPrimaryKey    : <==      Total: 1
2020-02-02 21:19:13.286 DEBUG 4256 --- [http-nio-8887-exec-1] l.m.c.m.UserMapper.selectByPrimaryKey    : ==>  Preparing: select id, account_id, name, token, gmt_create, gmt_modified, avatar_url from user where id = ? 
2020-02-02 21:19:13.286 DEBUG 4256 --- [http-nio-8887-exec-1] l.m.c.m.UserMapper.selectByPrimaryKey    : ==> Parameters: 1(Long)
2020-02-02 21:19:13.286 DEBUG 4256 --- [http-nio-8887-exec-1] l.m.c.m.UserMapper.selectByPrimaryKey    : <==      Total: 1
2020-02-02 21:19:13.286 DEBUG 4256 --- [http-nio-8887-exec-1] l.m.c.m.UserMapper.selectByPrimaryKey    : ==>  Preparing: select id, account_id, name, token, gmt_create, gmt_modified, avatar_url from user where id = ? 
2020-02-02 21:19:13.287 DEBUG 4256 --- [http-nio-8887-exec-1] l.m.c.m.UserMapper.selectByPrimaryKey    : ==> Parameters: 1(Long)
2020-02-02 21:19:13.287 DEBUG 4256 --- [http-nio-8887-exec-1] l.m.c.m.UserMapper.selectByPrimaryKey    : <==      Total: 1
2020-02-02 21:19:13.287 DEBUG 4256 --- [http-nio-8887-exec-1] l.m.c.m.UserMapper.selectByPrimaryKey    : ==>  Preparing: select id, account_id, name, token, gmt_create, gmt_modified, avatar_url from user where id = ? 
2020-02-02 21:19:13.287 DEBUG 4256 --- [http-nio-8887-exec-1] l.m.c.m.UserMapper.selectByPrimaryKey    : ==> Parameters: 1(Long)
2020-02-02 21:19:13.288 DEBUG 4256 --- [http-nio-8887-exec-1] l.m.c.m.UserMapper.selectByPrimaryKey    : <==      Total: 1
